<?xml version="1.0" encoding="UTF-8"?><testsuite errors="0" failures="1" name="aracteristica: Yo como usuario de la tienda Nex experience" skipped="0" tests="1" time="37.54" timestamp="2021-11-14 10:53:22"><testcase name="Crear un nuevo usuario en la tienda"><failure message="Expected enabled element was not enabled" type="net.thucydides.core.webdriver.exceptions.ElementShouldBeEnabledException">Expected enabled element was not enabled</failure><system-err>Expected enabled element was not enabled&#13;
www.NewExperience.com.tasks.RegistroUsuario.performAs(RegistroUsuario.java:21)&#13;
www.NewExperience.com.Stepdefinitions.ReguistroUsuarioStepdefinitions.el_usuario_desee_completar_todos_los_campos_para_reguistrarse(ReguistroUsuarioStepdefinitions.java:36)&#13;
cucumber.runner.Runner.runPickle(Runner.java:80)&#13;
</system-err></testcase></testsuite>